2018-08-07 13:10:21 ERROR Initializer:40 - BOT NOT REGISTER
2018-08-07 13:11:25 INFO  Bot:45 - GETTER: ID=410253163 TEXT=гы
2018-08-07 13:11:25 INFO  Bot:45 - GETTER: ID=410253163 TEXT=/on
2018-08-07 13:11:27 INFO  Bot:45 - GETTER: ID=410253163 TEXT=/on
2018-08-07 13:11:37 INFO  Bot:45 - GETTER: ID=410253163 TEXT=пока
2018-08-07 13:11:41 INFO  Bot:45 - GETTER: ID=410253163 TEXT=/mem
2018-08-07 13:47:24 INFO  Bot:51 - GETTER: ID=410253163 TEXT=/on
2018-08-07 13:47:30 INFO  Bot:51 - GETTER: ID=410253163 TEXT=KNB
2018-08-07 13:48:22 INFO  Bot:51 - GETTER: ID=410253163 TEXT=on
2018-08-07 13:48:25 INFO  Bot:51 - GETTER: ID=410253163 TEXT=knb
2018-08-07 13:49:12 INFO  Bot:51 - GETTER: ID=410253163 TEXT=✂️
2018-08-07 13:49:44 INFO  Bot:51 - GETTER: ID=410253163 TEXT=📄
2018-08-07 13:52:22 INFO  Bot:51 - GETTER: ID=410253163 TEXT=on
2018-08-07 13:52:25 INFO  Bot:51 - GETTER: ID=410253163 TEXT=knb
2018-08-07 14:02:28 INFO  Bot:52 - GETTER: ID=410253163 TEXT=on
2018-08-07 14:02:32 INFO  Bot:52 - GETTER: ID=410253163 TEXT=knb
2018-08-07 14:02:32 ERROR Bot:150 - MESSAGE_NOT_SEND
2018-08-07 14:06:28 INFO  Bot:55 - GETTER: ID=410253163 TEXT=on
2018-08-07 14:06:32 INFO  Bot:55 - GETTER: ID=410253163 TEXT=knb
2018-08-07 14:06:39 INFO  Bot:55 - GETTER: ID=410253163 TEXT=🌚
2018-08-07 14:06:40 INFO  Bot:55 - GETTER: ID=410253163 TEXT=✂️
2018-08-07 14:06:41 INFO  Bot:55 - GETTER: ID=410253163 TEXT=📄
2018-08-07 14:07:37 INFO  Bot:55 - GETTER: ID=410253163 TEXT=on
2018-08-07 14:07:41 INFO  Bot:55 - GETTER: ID=410253163 TEXT=knb
2018-08-07 14:07:57 INFO  Bot:55 - GETTER: ID=410253163 TEXT=knb
2018-08-07 14:08:32 INFO  Bot:55 - GETTER: ID=410253163 TEXT=on
2018-08-07 14:08:33 INFO  Bot:55 - GETTER: ID=410253163 TEXT=knb
2018-08-07 14:12:07 INFO  Bot:55 - GETTER: ID=410253163 TEXT=on
2018-08-07 14:12:09 INFO  Bot:55 - GETTER: ID=410253163 TEXT=off
2018-08-07 14:12:12 INFO  Bot:55 - GETTER: ID=410253163 TEXT=on
2018-08-07 14:12:13 INFO  Bot:55 - GETTER: ID=410253163 TEXT=knb
2018-08-07 14:12:14 ERROR Bot:153 - MESSAGE_NOT_SEND
2018-08-07 14:12:18 INFO  Bot:55 - GETTER: ID=410253163 TEXT=knb
2018-08-07 14:12:18 ERROR Bot:153 - MESSAGE_NOT_SEND
2018-08-07 14:13:06 INFO  Bot:55 - GETTER: ID=410253163 TEXT=on
2018-08-07 14:13:09 INFO  Bot:55 - GETTER: ID=410253163 TEXT=knb
2018-08-07 14:13:09 ERROR Bot:154 - MESSAGE_NOT_SEND
2018-08-07 14:13:32 INFO  Bot:55 - GETTER: ID=410253163 TEXT=on
2018-08-07 14:13:35 INFO  Bot:55 - GETTER: ID=410253163 TEXT=knb
2018-08-07 15:38:15 INFO  Bot:52 - GETTER: ID=410253163 TEXT=test
2018-08-07 15:38:18 INFO  Bot:52 - GETTER: ID=410253163 TEXT=on
2018-08-07 15:38:22 INFO  Bot:52 - GETTER: ID=410253163 TEXT=knb
2018-08-07 15:38:25 INFO  Bot:52 - GETTER: ID=410253163 TEXT=🌚
2018-08-07 15:38:32 INFO  Bot:52 - GETTER: ID=410253163 TEXT=✂️
2018-08-07 15:38:34 INFO  Bot:52 - GETTER: ID=410253163 TEXT=📄
2018-08-07 15:38:42 INFO  Bot:52 - GETTER: ID=410253163 TEXT=✂️
2018-08-07 15:38:43 INFO  Bot:52 - GETTER: ID=410253163 TEXT=USER - 2 : 2 - BOT
2018-08-07 15:38:43 ERROR Bot:151 - MESSAGE_NOT_SEND
2018-08-07 15:38:48 INFO  Bot:52 - GETTER: ID=410253163 TEXT=🌚
2018-08-07 15:38:51 INFO  Bot:52 - GETTER: ID=410253163 TEXT=✂️
2018-08-07 15:38:53 INFO  Bot:52 - GETTER: ID=410253163 TEXT=✂️
2018-08-07 15:38:54 INFO  Bot:52 - GETTER: ID=410253163 TEXT=✂️
2018-08-07 15:38:59 INFO  Bot:52 - GETTER: ID=410253163 TEXT=STOP GAME
2018-08-07 15:39:03 INFO  Bot:52 - GETTER: ID=410253163 TEXT=STOP GAME
2018-08-07 15:40:08 INFO  Bot:52 - GETTER: ID=410253163 TEXT=knb
2018-08-07 15:40:12 INFO  Bot:52 - GETTER: ID=410253163 TEXT=📄
2018-08-07 15:40:12 INFO  Bot:52 - GETTER: ID=410253163 TEXT=✂️
2018-08-07 15:40:13 INFO  Bot:52 - GETTER: ID=410253163 TEXT=🌚
2018-08-07 15:40:16 INFO  Bot:52 - GETTER: ID=410253163 TEXT=STOP GAME
2018-08-07 15:43:04 INFO  Bot:52 - GETTER: ID=410253163 TEXT=on
2018-08-07 15:43:06 INFO  Bot:52 - GETTER: ID=410253163 TEXT=knb
2018-08-07 15:43:09 INFO  Bot:52 - GETTER: ID=410253163 TEXT=🌚
2018-08-07 15:43:13 INFO  Bot:52 - GETTER: ID=410253163 TEXT=✂️
2018-08-07 15:43:16 INFO  Bot:52 - GETTER: ID=410253163 TEXT=📄
2018-08-07 15:43:17 INFO  Bot:52 - GETTER: ID=410253163 TEXT=📄
2018-08-07 15:43:18 INFO  Bot:52 - GETTER: ID=410253163 TEXT=📄
2018-08-07 15:43:21 INFO  Bot:52 - GETTER: ID=410253163 TEXT=📄
2018-08-07 15:43:22 INFO  Bot:52 - GETTER: ID=410253163 TEXT=📄
2018-08-07 15:43:23 INFO  Bot:52 - GETTER: ID=410253163 TEXT=📄
2018-08-07 15:43:24 INFO  Bot:52 - GETTER: ID=410253163 TEXT=📄
2018-08-07 15:43:25 INFO  Bot:52 - GETTER: ID=410253163 TEXT=📄
2018-08-07 15:43:27 INFO  Bot:52 - GETTER: ID=410253163 TEXT=📄
2018-08-07 15:43:29 INFO  Bot:52 - GETTER: ID=410253163 TEXT=📄
2018-08-07 15:43:30 INFO  Bot:52 - GETTER: ID=410253163 TEXT=📄
2018-08-07 15:43:31 INFO  Bot:52 - GETTER: ID=410253163 TEXT=📄
2018-08-07 15:43:32 INFO  Bot:52 - GETTER: ID=410253163 TEXT=🌚
2018-08-07 15:43:33 INFO  Bot:52 - GETTER: ID=410253163 TEXT=✂️
2018-08-07 15:43:34 INFO  Bot:52 - GETTER: ID=410253163 TEXT=📄
2018-08-07 15:43:38 INFO  Bot:52 - GETTER: ID=410253163 TEXT=✂️
2018-08-07 15:43:40 INFO  Bot:52 - GETTER: ID=410253163 TEXT=✂️
2018-08-07 15:43:40 INFO  Bot:52 - GETTER: ID=410253163 TEXT=✂️
2018-08-07 15:43:42 INFO  Bot:52 - GETTER: ID=410253163 TEXT=🌚
2018-08-07 15:43:43 INFO  Bot:52 - GETTER: ID=410253163 TEXT=🌚
2018-08-07 15:43:44 INFO  Bot:52 - GETTER: ID=410253163 TEXT=📄
2018-08-07 15:43:45 INFO  Bot:52 - GETTER: ID=410253163 TEXT=📄
2018-08-07 15:44:10 INFO  Bot:52 - GETTER: ID=410253163 TEXT=🌚
2018-08-07 15:44:12 INFO  Bot:52 - GETTER: ID=410253163 TEXT=🌚
2018-08-07 15:44:12 INFO  Bot:52 - GETTER: ID=410253163 TEXT=🌚
2018-08-07 15:44:13 INFO  Bot:52 - GETTER: ID=410253163 TEXT=🌚
2018-08-07 15:44:14 INFO  Bot:52 - GETTER: ID=410253163 TEXT=🌚
2018-08-07 15:44:16 INFO  Bot:52 - GETTER: ID=410253163 TEXT=🌚
2018-08-07 15:44:16 INFO  Bot:52 - GETTER: ID=410253163 TEXT=🌚
2018-08-07 15:44:17 INFO  Bot:52 - GETTER: ID=410253163 TEXT=🌚
2018-08-07 15:44:19 INFO  Bot:52 - GETTER: ID=410253163 TEXT=🌚
2018-08-07 15:44:20 INFO  Bot:52 - GETTER: ID=410253163 TEXT=🌚
2018-08-07 15:44:21 INFO  Bot:52 - GETTER: ID=410253163 TEXT=🌚
2018-08-07 15:44:21 INFO  Bot:52 - GETTER: ID=410253163 TEXT=🌚
2018-08-07 15:44:22 INFO  Bot:52 - GETTER: ID=410253163 TEXT=🌚
2018-08-07 15:46:44 INFO  Bot:52 - GETTER: ID=410253163 TEXT=on
2018-08-07 15:46:52 INFO  Bot:52 - GETTER: ID=410253163 TEXT=🌚
2018-08-07 15:46:53 INFO  Bot:52 - GETTER: ID=410253163 TEXT=📄
2018-08-07 15:46:57 INFO  Bot:52 - GETTER: ID=410253163 TEXT=knb
2018-08-07 15:46:59 INFO  Bot:52 - GETTER: ID=410253163 TEXT=✂️
2018-08-07 15:47:01 INFO  Bot:52 - GETTER: ID=410253163 TEXT=📄
2018-08-07 15:47:02 INFO  Bot:52 - GETTER: ID=410253163 TEXT=🌚
2018-08-07 15:47:04 INFO  Bot:52 - GETTER: ID=410253163 TEXT=✂️
2018-08-07 15:47:05 INFO  Bot:52 - GETTER: ID=410253163 TEXT=📄
2018-08-07 15:47:06 INFO  Bot:52 - GETTER: ID=410253163 TEXT=✂️
2018-08-07 15:47:08 INFO  Bot:52 - GETTER: ID=410253163 TEXT=✂️
2018-08-07 15:47:10 INFO  Bot:52 - GETTER: ID=410253163 TEXT=✂️
2018-08-07 15:47:12 INFO  Bot:52 - GETTER: ID=410253163 TEXT=🌚
2018-08-07 15:47:14 INFO  Bot:52 - GETTER: ID=410253163 TEXT=📄
2018-08-07 15:47:19 INFO  Bot:52 - GETTER: ID=410253163 TEXT=📄
2018-08-07 15:47:21 INFO  Bot:52 - GETTER: ID=410253163 TEXT=📄
2018-08-07 15:47:22 INFO  Bot:52 - GETTER: ID=410253163 TEXT=📄
2018-08-07 15:47:23 INFO  Bot:52 - GETTER: ID=410253163 TEXT=📄
2018-08-07 15:47:24 INFO  Bot:52 - GETTER: ID=410253163 TEXT=📄
2018-08-07 15:47:24 INFO  Bot:52 - GETTER: ID=410253163 TEXT=📄
2018-08-07 15:47:25 INFO  Bot:52 - GETTER: ID=410253163 TEXT=📄
2018-08-07 15:47:26 INFO  Bot:52 - GETTER: ID=410253163 TEXT=📄
2018-08-07 15:47:27 INFO  Bot:52 - GETTER: ID=410253163 TEXT=📄
2018-08-07 15:47:28 INFO  Bot:52 - GETTER: ID=410253163 TEXT=📄
2018-08-07 15:47:29 INFO  Bot:52 - GETTER: ID=410253163 TEXT=📄
2018-08-07 15:47:29 INFO  Bot:52 - GETTER: ID=410253163 TEXT=📄
2018-08-07 15:47:30 INFO  Bot:52 - GETTER: ID=410253163 TEXT=📄
2018-08-07 15:47:31 INFO  Bot:52 - GETTER: ID=410253163 TEXT=📄
2018-08-07 15:47:32 INFO  Bot:52 - GETTER: ID=410253163 TEXT=📄
2018-08-07 15:47:32 INFO  Bot:52 - GETTER: ID=410253163 TEXT=📄
2018-08-07 15:47:33 INFO  Bot:52 - GETTER: ID=410253163 TEXT=📄
2018-08-07 15:47:37 INFO  Bot:52 - GETTER: ID=410253163 TEXT=STOP GAME
2018-08-07 16:16:06 INFO  Bot:55 - GETTER: ID=410253163 TEXT=🔵
2018-08-07 16:16:06 INFO  Bot:55 - GETTER: ID=410253163 TEXT=❌
2018-08-07 16:16:06 INFO  Bot:55 - GETTER: ID=410253163 TEXT=on
2018-08-07 16:16:12 INFO  Bot:55 - GETTER: ID=410253163 TEXT=kn
2018-08-07 16:42:50 INFO  Bot:55 - GETTER: ID=410253163 TEXT=on
2018-08-07 16:42:54 INFO  Bot:55 - GETTER: ID=410253163 TEXT=kn
2018-08-07 16:43:08 INFO  Bot:55 - GETTER: ID=410253163 TEXT=x:y=1:2
2018-08-07 16:47:18 INFO  Bot:55 - GETTER: ID=410253163 TEXT=on
2018-08-07 16:47:21 INFO  Bot:55 - GETTER: ID=410253163 TEXT=kn
2018-08-07 16:47:26 INFO  Bot:55 - GETTER: ID=410253163 TEXT=x:y=0:0
2018-08-07 16:47:29 INFO  Bot:55 - GETTER: ID=410253163 TEXT=x:y=0:1
2018-08-07 16:47:31 INFO  Bot:55 - GETTER: ID=410253163 TEXT=x:y=1:1
2018-08-07 16:47:32 INFO  Bot:55 - GETTER: ID=410253163 TEXT=x:y=2:1
2018-08-07 16:47:34 INFO  Bot:55 - GETTER: ID=410253163 TEXT=x:y=2:0
2018-08-07 16:50:11 INFO  Bot:55 - GETTER: ID=410253163 TEXT=on
2018-08-07 16:50:14 INFO  Bot:55 - GETTER: ID=410253163 TEXT=kn
2018-08-07 16:50:16 INFO  Bot:55 - GETTER: ID=410253163 TEXT=x:y=0:1
2018-08-07 16:50:41 INFO  Bot:55 - GETTER: ID=410253163 TEXT=on
2018-08-07 16:50:43 INFO  Bot:55 - GETTER: ID=410253163 TEXT=x:y=0:0
2018-08-07 16:50:55 INFO  Bot:55 - GETTER: ID=410253163 TEXT=x:y=0:1
2018-08-07 16:51:20 INFO  Bot:55 - GETTER: ID=410253163 TEXT=on
2018-08-07 16:51:25 INFO  Bot:55 - GETTER: ID=410253163 TEXT=kn
2018-08-07 16:51:27 INFO  Bot:55 - GETTER: ID=410253163 TEXT=x:y=0:0
2018-08-07 16:51:32 INFO  Bot:55 - GETTER: ID=410253163 TEXT=x:y=0:1
2018-08-07 16:51:37 INFO  Bot:55 - GETTER: ID=410253163 TEXT=x:y=1:1
2018-08-07 16:51:45 INFO  Bot:55 - GETTER: ID=410253163 TEXT=x:y=2:1
2018-08-07 16:51:47 INFO  Bot:55 - GETTER: ID=410253163 TEXT=x:y=2:2
2018-08-07 16:51:49 INFO  Bot:55 - GETTER: ID=410253163 TEXT=x:y=2:0
2018-08-07 16:54:03 INFO  Bot:55 - GETTER: ID=410253163 TEXT=on
2018-08-07 16:54:06 INFO  Bot:55 - GETTER: ID=410253163 TEXT=kn
2018-08-07 16:54:11 INFO  Bot:55 - GETTER: ID=410253163 TEXT=x:y=1:1
2018-08-07 16:54:15 INFO  Bot:55 - GETTER: ID=410253163 TEXT=x:y=1:2
2018-08-07 16:55:03 INFO  Bot:55 - GETTER: ID=410253163 TEXT=on
2018-08-07 16:55:04 INFO  Bot:55 - GETTER: ID=410253163 TEXT=kn
2018-08-07 16:55:08 INFO  Bot:55 - GETTER: ID=410253163 TEXT=x:y=1:1
2018-08-07 16:55:11 INFO  Bot:55 - GETTER: ID=410253163 TEXT=x:y=1:2
2018-08-07 16:55:13 INFO  Bot:55 - GETTER: ID=410253163 TEXT=x:y=3:2
2018-08-07 16:55:16 INFO  Bot:55 - GETTER: ID=410253163 TEXT=x:y=3:3
2018-08-07 16:55:28 INFO  Bot:55 - GETTER: ID=410253163 TEXT=x:y=2:2
2018-08-07 16:56:23 INFO  Bot:55 - GETTER: ID=410253163 TEXT=on
2018-08-07 16:56:28 INFO  Bot:55 - GETTER: ID=410253163 TEXT=kn
2018-08-07 16:56:45 INFO  Bot:55 - GETTER: ID=410253163 TEXT=x:y=1:1
2018-08-07 17:00:16 INFO  Bot:55 - GETTER: ID=410253163 TEXT=x:y=1:2
2018-08-07 17:02:44 INFO  Bot:55 - GETTER: ID=410253163 TEXT=x:y=1:2
2018-08-07 17:02:48 INFO  Bot:55 - GETTER: ID=410253163 TEXT=on
2018-08-07 17:02:51 INFO  Bot:55 - GETTER: ID=410253163 TEXT=kn
2018-08-07 17:02:55 INFO  Bot:55 - GETTER: ID=410253163 TEXT=x:y=1:1
2018-08-07 17:03:01 INFO  Bot:55 - GETTER: ID=410253163 TEXT=x:y=2:1
2018-08-07 17:03:04 INFO  Bot:55 - GETTER: ID=410253163 TEXT=x:y=1:3
2018-08-07 17:03:36 INFO  Bot:55 - GETTER: ID=410253163 TEXT=x:y=2:1
2018-08-07 17:03:42 INFO  Bot:55 - GETTER: ID=410253163 TEXT=on
2018-08-07 17:05:23 INFO  Bot:55 - GETTER: ID=410253163 TEXT=on
2018-08-07 17:05:24 INFO  Bot:55 - GETTER: ID=410253163 TEXT=kn
2018-08-07 17:05:27 INFO  Bot:55 - GETTER: ID=410253163 TEXT=x:y=1:1
2018-08-07 17:05:29 INFO  Bot:55 - GETTER: ID=410253163 TEXT=x:y=2:2
2018-08-07 17:05:31 INFO  Bot:55 - GETTER: ID=410253163 TEXT=x:y=3:3
2018-08-07 17:05:39 INFO  Bot:55 - GETTER: ID=410253163 TEXT=x:y=1:1
2018-08-07 17:05:41 INFO  Bot:55 - GETTER: ID=410253163 TEXT=x:y=2:1
2018-08-07 17:05:43 INFO  Bot:55 - GETTER: ID=410253163 TEXT=x:y=2:3
2018-08-07 17:05:50 INFO  Bot:55 - GETTER: ID=410253163 TEXT=x:y=2:3
2018-08-07 17:05:52 INFO  Bot:55 - GETTER: ID=410253163 TEXT=x:y=1:3
2018-08-07 17:05:54 INFO  Bot:55 - GETTER: ID=410253163 TEXT=x:y=1:2
2018-08-07 17:06:09 INFO  Bot:55 - GETTER: ID=410253163 TEXT=STOP GAME
